# JRE version: OpenJDK Runtime Environment (21.0.5) (build 21.0.5+-13047016-b750.29)
# Java VM: OpenJDK 64-Bit Server VM (21.0.5+-13047016-b750.29, mixed mode, tiered, compressed oops, compressed class ptrs, g1 gc, windows-amd64)
GC Precious Log:
 CardTable entry size: 512
 Card Set container configuration: InlinePtr #cards 5 size 8 Array Of Cards #cards 12 size 40 Howl #buckets 4 coarsen threshold 1843 Howl Bitmap #cards 512 size 80 coarsen threshold 460 Card regions per heap region 1 cards per card region 2048
 CPUs: 12 total, 12 available
 Memory: 16110M
 Large Page Support: Disabled
 NUMA Support: Disabled
 Compressed Oops: Enabled (32-bit)
 Heap Region Size: 1M
 Heap Min Capacity: 8M
 Heap Initial Capacity: 252M
 Heap Max Capacity: 2G
 Pre-touch: Disabled
 Parallel Workers: 10
 Concurrent Workers: 3
 Concurrent Refinement Workers: 10
 Periodic GC: Disabled
Heap:
 garbage-first heap   total 459776K, used 457007K [0x0000000080000000, 0x0000000100000000)
  region size 1024K, 237 young (242688K), 2 survivors (2048K)
 Metaspace       used 170313K, committed 172224K, reserved 1245184K
  class space    used 22303K, committed 23424K, reserved 1048576K
GC Heap History (20 events):
Event: 2597.561 GC heap after
{Heap after GC invocations=78 (full 0):
 garbage-first heap   total 405504K, used 152604K [0x0000000080000000, 0x0000000100000000)
  region size 1024K, 11 young (11264K), 11 survivors (11264K)
 Metaspace       used 163249K, committed 166400K, reserved 1245184K
  class space    used 21518K, committed 23424K, reserved 1048576K
}
Event: 2762.225 GC heap before
{Heap before GC invocations=78 (full 0):
 garbage-first heap   total 405504K, used 401436K [0x0000000080000000, 0x0000000100000000)
  region size 1024K, 225 young (230400K), 11 survivors (11264K)
 Metaspace       used 163505K, committed 166528K, reserved 1245184K
  class space    used 21521K, committed 23424K, reserved 1048576K
}
Event: 2762.235 GC heap after
{Heap after GC invocations=79 (full 0):
 garbage-first heap   total 419840K, used 149085K [0x0000000080000000, 0x0000000100000000)
  region size 1024K, 11 young (11264K), 11 survivors (11264K)
 Metaspace       used 163505K, committed 166528K, reserved 1245184K
  class space    used 21521K, committed 23424K, reserved 1048576K
}
Event: 2762.312 GC heap before
{Heap before GC invocations=79 (full 0):
 garbage-first heap   total 419840K, used 167517K [0x0000000080000000, 0x0000000100000000)
  region size 1024K, 30 young (30720K), 11 survivors (11264K)
 Metaspace       used 163517K, committed 166592K, reserved 1245184K
  class space    used 21523K, committed 23424K, reserved 1048576K
}
Event: 2762.318 GC heap after
{Heap after GC invocations=80 (full 0):
 garbage-first heap   total 419840K, used 151742K [0x0000000080000000, 0x0000000100000000)
  region size 1024K, 14 young (14336K), 14 survivors (14336K)
 Metaspace       used 163517K, committed 166592K, reserved 1245184K
  class space    used 21523K, committed 23424K, reserved 1048576K
}
Event: 2800.514 GC heap before
{Heap before GC invocations=81 (full 0):
 garbage-first heap   total 419840K, used 398526K [0x0000000080000000, 0x0000000100000000)
  region size 1024K, 239 young (244736K), 14 survivors (14336K)
 Metaspace       used 163993K, committed 166720K, reserved 1245184K
  class space    used 21586K, committed 23424K, reserved 1048576K
}
Event: 2800.525 GC heap after
{Heap after GC invocations=82 (full 0):
 garbage-first heap   total 420864K, used 158597K [0x0000000080000000, 0x0000000100000000)
  region size 1024K, 20 young (20480K), 20 survivors (20480K)
 Metaspace       used 163993K, committed 166720K, reserved 1245184K
  class space    used 21586K, committed 23424K, reserved 1048576K
}
Event: 2860.273 GC heap before
{Heap before GC invocations=82 (full 0):
 garbage-first heap   total 420864K, used 407429K [0x0000000080000000, 0x0000000100000000)
  region size 1024K, 234 young (239616K), 20 survivors (20480K)
 Metaspace       used 164191K, committed 166848K, reserved 1245184K
  class space    used 21591K, committed 23424K, reserved 1048576K
}
Event: 2860.293 GC heap after
{Heap after GC invocations=83 (full 0):
 garbage-first heap   total 445440K, used 166214K [0x0000000080000000, 0x0000000100000000)
  region size 1024K, 19 young (19456K), 19 survivors (19456K)
 Metaspace       used 164191K, committed 166848K, reserved 1245184K
  class space    used 21591K, committed 23424K, reserved 1048576K
}
Event: 2860.404 GC heap before
{Heap before GC invocations=83 (full 0):
 garbage-first heap   total 445440K, used 191814K [0x0000000080000000, 0x0000000100000000)
  region size 1024K, 46 young (47104K), 19 survivors (19456K)
 Metaspace       used 164223K, committed 166848K, reserved 1245184K
  class space    used 21591K, committed 23424K, reserved 1048576K
}
Event: 2860.411 GC heap after
{Heap after GC invocations=84 (full 0):
 garbage-first heap   total 445440K, used 167605K [0x0000000080000000, 0x0000000100000000)
  region size 1024K, 4 young (4096K), 4 survivors (4096K)
 Metaspace       used 164223K, committed 166848K, reserved 1245184K
  class space    used 21591K, committed 23424K, reserved 1048576K
}
Event: 3117.324 GC heap before
{Heap before GC invocations=85 (full 0):
 garbage-first heap   total 445440K, used 444085K [0x0000000080000000, 0x0000000100000000)
  region size 1024K, 232 young (237568K), 4 survivors (4096K)
 Metaspace       used 164199K, committed 166848K, reserved 1245184K
  class space    used 21579K, committed 23424K, reserved 1048576K
}
Event: 3117.328 GC heap after
{Heap after GC invocations=86 (full 0):
 garbage-first heap   total 448512K, used 166810K [0x0000000080000000, 0x0000000100000000)
  region size 1024K, 3 young (3072K), 3 survivors (3072K)
 Metaspace       used 164199K, committed 166848K, reserved 1245184K
  class space    used 21579K, committed 23424K, reserved 1048576K
}
Event: 3209.437 GC heap before
{Heap before GC invocations=86 (full 0):
 garbage-first heap   total 448512K, used 433050K [0x0000000080000000, 0x0000000100000000)
  region size 1024K, 247 young (252928K), 3 survivors (3072K)
 Metaspace       used 169106K, committed 170944K, reserved 1245184K
  class space    used 22247K, committed 23424K, reserved 1048576K
}
Event: 3209.450 GC heap after
{Heap after GC invocations=87 (full 0):
 garbage-first heap   total 457728K, used 177429K [0x0000000080000000, 0x0000000100000000)
  region size 1024K, 20 young (20480K), 20 survivors (20480K)
 Metaspace       used 169106K, committed 170944K, reserved 1245184K
  class space    used 22247K, committed 23424K, reserved 1048576K
}
Event: 3210.415 GC heap before
{Heap before GC invocations=87 (full 0):
 garbage-first heap   total 457728K, used 250133K [0x0000000080000000, 0x0000000100000000)
  region size 1024K, 93 young (95232K), 20 survivors (20480K)
 Metaspace       used 169286K, committed 171200K, reserved 1245184K
  class space    used 22252K, committed 23424K, reserved 1048576K
}
Event: 3210.423 GC heap after
{Heap after GC invocations=88 (full 0):
 garbage-first heap   total 457728K, used 179792K [0x0000000080000000, 0x0000000100000000)
  region size 1024K, 4 young (4096K), 4 survivors (4096K)
 Metaspace       used 169286K, committed 171200K, reserved 1245184K
  class space    used 22252K, committed 23424K, reserved 1048576K
}
Event: 3294.568 GC heap before
{Heap before GC invocations=89 (full 0):
 garbage-first heap   total 457728K, used 442960K [0x0000000080000000, 0x0000000100000000)
  region size 1024K, 241 young (246784K), 4 survivors (4096K)
 Metaspace       used 169696K, committed 171584K, reserved 1245184K
  class space    used 22275K, committed 23424K, reserved 1048576K
}
Event: 3294.573 GC heap after
{Heap after GC invocations=90 (full 0):
 garbage-first heap   total 457728K, used 179503K [0x0000000080000000, 0x0000000100000000)
  region size 1024K, 8 young (8192K), 8 survivors (8192K)
 Metaspace       used 169696K, committed 171584K, reserved 1245184K
  class space    used 22275K, committed 23424K, reserved 1048576K
}
Event: 3385.842 GC heap before
{Heap before GC invocations=90 (full 0):
 garbage-first heap   total 457728K, used 455983K [0x0000000080000000, 0x0000000100000000)
  region size 1024K, 243 young (248832K), 8 survivors (8192K)
 Metaspace       used 170313K, committed 172224K, reserved 1245184K
  class space    used 22303K, committed 23424K, reserved 1048576K
}

